<?xml version="1.0" encoding="UTF-8"?>
<metamorph xmlns="http://www.culturegraph.org/metamorph"
           xmlns:xsi="http://www.w3.org/2001/XMLSchema-instance" version="1" entityMarker=".">
    <rules>

        <entity name="85640" flushWith="85640.3" reset="true">
            <data source="85640.u" name="u">
                <contains string="hdl.handle.net/2003/" />
                <replace pattern="http://" with="https://" />
            </data>
            <data source="85640.u" name="u">
                <contains string="doi.org/10.17877/" />
                <replace pattern="http://" with="https://" />
                <replace pattern="dx.doi.org" with="doi.org" />
            </data>
            <data source="85640.x" name="x" />
            <data source="85640.3" name="3" />
        </entity>

        <entity name="8564 " flushWith="8564 .3" reset="true">
            <data source="8564 .u" name="u">
                <contains string="hdl.handle.net/2003/" />
                <replace pattern="http://" with="https://" />
            </data>
            <data source="8564 .u" name="u">
                <contains string="doi.org/10.17877/" />
                <replace pattern="http://" with="https://" />
                <replace pattern="dx.doi.org" with="doi.org" />
            </data>
            <data source="8564 .x" name="x" />
            <data source="8564 .3" name="3" />
        </entity>

        <data source="_elseNested" />
    </rules>
</metamorph>
